c:\users\josy-\source\repos\luna\luna\x64\debug\vc143.pdb
c:\users\josy-\source\repos\luna\luna\x64\debug\vc143.idb
c:\users\josy-\source\repos\luna\luna\x64\debug\spritesheeteditor.obj
c:\users\josy-\source\repos\luna\luna\x64\debug\spritesheet.obj
c:\users\josy-\source\repos\luna\luna\x64\debug\sprite.obj
c:\users\josy-\source\repos\luna\luna\x64\debug\texture.obj
c:\users\josy-\source\repos\luna\luna\x64\debug\main.obj
c:\users\josy-\source\repos\luna\luna\x64\debug\eventmanager.obj
c:\users\josy-\source\repos\luna\luna\x64\debug\application.obj
c:\users\josy-\source\repos\luna\luna\x64\debug\shader.obj
c:\users\josy-\source\repos\luna\luna\x64\debug\renderer2d.obj
c:\users\josy-\source\repos\luna\luna\x64\debug\animation.obj
c:\users\josy-\source\repos\luna\luna\x64\debug\resourcemanager.obj
c:\users\josy-\source\repos\luna\luna\x64\debug\scenemanager.obj
c:\users\josy-\source\repos\luna\luna\x64\debug\scene.obj
c:\users\josy-\source\repos\luna\luna\x64\debug\menubar.obj
c:\users\josy-\source\repos\luna\luna\x64\debug\chunk.obj
c:\users\josy-\source\repos\luna\luna\x64\debug\camera2d.obj
c:\users\josy-\source\repos\luna\luna\x64\debug\mouse.obj
c:\users\josy-\source\repos\luna\luna\x64\debug\keyboard.obj
c:\users\josy-\source\repos\luna\luna\x64\debug\world.obj
c:\users\josy-\source\repos\luna\luna\x64\debug\viewportgui.obj
c:\users\josy-\source\repos\luna\luna\x64\debug\imgui_widgets.obj
c:\users\josy-\source\repos\luna\luna\x64\debug\imgui_tables.obj
c:\users\josy-\source\repos\luna\luna\x64\debug\imgui_impl_opengl3.obj
c:\users\josy-\source\repos\luna\luna\x64\debug\imgui_impl_glfw.obj
c:\users\josy-\source\repos\luna\luna\x64\debug\imgui_draw.obj
c:\users\josy-\source\repos\luna\luna\x64\debug\imgui_demo.obj
c:\users\josy-\source\repos\luna\luna\x64\debug\imguifiledialog.obj
c:\users\josy-\source\repos\luna\luna\x64\debug\imgui.obj
c:\users\josy-\source\repos\luna\luna\x64\debug\luna.tlog\cl.command.1.tlog
c:\users\josy-\source\repos\luna\luna\x64\debug\luna.tlog\cl.read.1.tlog
c:\users\josy-\source\repos\luna\luna\x64\debug\luna.tlog\cl.write.1.tlog
